2019-03-06 14:33:54,952 INFO  [main] SpringtrainingApplicationTests: Starting SpringtrainingApplicationTests on EPPLKRAW0551 with PID 6272 (started by Marcin_Krupnik in C:\Users\Marcin_Krupnik\IdeaProjects\spring-training)
2019-03-06 14:33:54,952 INFO  [main] SpringtrainingApplicationTests: No active profile set, falling back to default profiles: default
2019-03-06 14:33:56,023 WARN  [main] User: User.withDefaultPasswordEncoder() is considered unsafe for production and is only intended for sample applications.
2019-03-06 14:33:56,324 INFO  [main] DefaultSecurityFilterChain: Creating filter chain: any request, [org.springframework.security.web.context.request.async.WebAsyncManagerIntegrationFilter@fe7b6b0, org.springframework.security.web.context.SecurityContextPersistenceFilter@6920b0bc, org.springframework.security.web.header.HeaderWriterFilter@348ad293, org.springframework.security.web.csrf.CsrfFilter@2c8c16c0, org.springframework.security.web.authentication.logout.LogoutFilter@32177fa5, org.springframework.security.web.authentication.UsernamePasswordAuthenticationFilter@c269425, org.springframework.security.web.savedrequest.RequestCacheAwareFilter@1f1ff879, org.springframework.security.web.servletapi.SecurityContextHolderAwareRequestFilter@9679750, org.springframework.security.web.authentication.AnonymousAuthenticationFilter@7ab4ae59, org.springframework.security.web.session.SessionManagementFilter@2c88a3e8, org.springframework.security.web.access.ExceptionTranslationFilter@f4a3a8d, org.springframework.security.web.access.intercept.FilterSecurityInterceptor@3d64c581]
2019-03-06 14:33:56,788 INFO  [main] ThreadPoolTaskExecutor: Initializing ExecutorService 'applicationTaskExecutor'
2019-03-06 14:33:57,173 INFO  [main] SpringtrainingApplicationTests: Started SpringtrainingApplicationTests in 2.607 seconds (JVM running for 3.355)
2019-03-06 14:33:57,505 INFO  [Thread-1] ThreadPoolTaskExecutor: Shutting down ExecutorService 'applicationTaskExecutor'
2019-03-06 14:44:48,274 INFO  [main] SpringtrainingApplication: Starting SpringtrainingApplication on EPPLKRAW0551 with PID 6224 (C:\Users\Marcin_Krupnik\IdeaProjects\spring-training\target\classes started by Marcin_Krupnik in C:\Users\Marcin_Krupnik\IdeaProjects\spring-training)
2019-03-06 14:44:48,274 INFO  [main] SpringtrainingApplication: No active profile set, falling back to default profiles: default
2019-03-06 14:44:49,624 INFO  [main] TomcatWebServer: Tomcat initialized with port(s): 8080 (http)
2019-03-06 14:44:49,640 INFO  [main] Http11NioProtocol: Initializing ProtocolHandler ["http-nio-8080"]
2019-03-06 14:44:49,656 INFO  [main] StandardService: Starting service [Tomcat]
2019-03-06 14:44:49,662 INFO  [main] StandardEngine: Starting Servlet engine: [Apache Tomcat/9.0.16]
2019-03-06 14:44:49,662 INFO  [main] AprLifecycleListener: The APR based Apache Tomcat Native library which allows optimal performance in production environments was not found on the java.library.path: [C:\Program Files\Java\jdk-11.0.2\bin;C:\WINDOWS\Sun\Java\bin;C:\WINDOWS\system32;C:\WINDOWS;C:\WINDOWS\system32;C:\WINDOWS;C:\WINDOWS\System32\Wbem;C:\WINDOWS\System32\WindowsPowerShell\v1.0\;C:\WINDOWS\System32\OpenSSH\;C:\Program Files\TortoiseSVN\bin;C:\Program Files\Java\jdk-11.0.2\bin;C:\Program Files\apache-maven-3.6.0\bin;C:\Program Files\Git\cmd;C:\Program Files\Git\mingw64\bin;C:\Program Files\Git\usr\bin;C:\Program FIles\Gradle\gradle-5.2.1\bin;C:\Users\Marcin_Krupnik\AppData\Local\Microsoft\WindowsApps;;.]
2019-03-06 14:44:49,762 INFO  [main] [/]: Initializing Spring embedded WebApplicationContext
2019-03-06 14:44:49,762 INFO  [main] ContextLoader: Root WebApplicationContext: initialization completed in 1441 ms
2019-03-06 14:44:49,956 WARN  [main] User: User.withDefaultPasswordEncoder() is considered unsafe for production and is only intended for sample applications.
2019-03-06 14:44:50,063 WARN  [main] User: User.withDefaultPasswordEncoder() is considered unsafe for production and is only intended for sample applications.
2019-03-06 14:44:50,210 INFO  [main] DefaultSecurityFilterChain: Creating filter chain: any request, [org.springframework.security.web.context.request.async.WebAsyncManagerIntegrationFilter@7c51782d, org.springframework.security.web.context.SecurityContextPersistenceFilter@df921b1, org.springframework.security.web.header.HeaderWriterFilter@60a19573, org.springframework.security.web.csrf.CsrfFilter@3e7b65d7, org.springframework.security.web.authentication.logout.LogoutFilter@1db7157f, org.springframework.security.web.authentication.UsernamePasswordAuthenticationFilter@34585ac9, org.springframework.security.web.savedrequest.RequestCacheAwareFilter@2152ab30, org.springframework.security.web.servletapi.SecurityContextHolderAwareRequestFilter@51a18b21, org.springframework.security.web.authentication.AnonymousAuthenticationFilter@77bc2e16, org.springframework.security.web.session.SessionManagementFilter@134ff8f8, org.springframework.security.web.access.ExceptionTranslationFilter@60d6fdd4, org.springframework.security.web.access.intercept.FilterSecurityInterceptor@6993c8df]
2019-03-06 14:44:50,326 INFO  [main] ThreadPoolTaskExecutor: Initializing ExecutorService 'applicationTaskExecutor'
2019-03-06 14:44:50,527 INFO  [main] Http11NioProtocol: Starting ProtocolHandler ["http-nio-8080"]
2019-03-06 14:44:50,542 INFO  [main] TomcatWebServer: Tomcat started on port(s): 8080 (http) with context path ''
2019-03-06 14:44:50,558 INFO  [main] SpringtrainingApplication: Started SpringtrainingApplication in 2.785 seconds (JVM running for 3.236)
2019-03-06 14:44:56,508 INFO  [http-nio-8080-exec-1] [/]: Initializing Spring DispatcherServlet 'dispatcherServlet'
2019-03-06 14:44:56,508 INFO  [http-nio-8080-exec-1] DispatcherServlet: Initializing Servlet 'dispatcherServlet'
2019-03-06 14:44:56,508 INFO  [http-nio-8080-exec-1] DispatcherServlet: Completed initialization in 0 ms
2019-03-06 14:45:50,647 INFO  [main] SpringtrainingApplication: Starting SpringtrainingApplication on EPPLKRAW0551 with PID 4172 (C:\Users\Marcin_Krupnik\IdeaProjects\spring-training\target\classes started by Marcin_Krupnik in C:\Users\Marcin_Krupnik\IdeaProjects\spring-training)
2019-03-06 14:45:50,663 INFO  [main] SpringtrainingApplication: No active profile set, falling back to default profiles: default
2019-03-06 14:45:51,904 INFO  [main] TomcatWebServer: Tomcat initialized with port(s): 8080 (http)
2019-03-06 14:45:51,935 INFO  [main] Http11NioProtocol: Initializing ProtocolHandler ["http-nio-8080"]
2019-03-06 14:45:51,935 INFO  [main] StandardService: Starting service [Tomcat]
2019-03-06 14:45:51,951 INFO  [main] StandardEngine: Starting Servlet engine: [Apache Tomcat/9.0.16]
2019-03-06 14:45:51,966 INFO  [main] AprLifecycleListener: The APR based Apache Tomcat Native library which allows optimal performance in production environments was not found on the java.library.path: [C:\Program Files\Java\jdk-11.0.2\bin;C:\WINDOWS\Sun\Java\bin;C:\WINDOWS\system32;C:\WINDOWS;C:\WINDOWS\system32;C:\WINDOWS;C:\WINDOWS\System32\Wbem;C:\WINDOWS\System32\WindowsPowerShell\v1.0\;C:\WINDOWS\System32\OpenSSH\;C:\Program Files\TortoiseSVN\bin;C:\Program Files\Java\jdk-11.0.2\bin;C:\Program Files\apache-maven-3.6.0\bin;C:\Program Files\Git\cmd;C:\Program Files\Git\mingw64\bin;C:\Program Files\Git\usr\bin;C:\Program FIles\Gradle\gradle-5.2.1\bin;C:\Users\Marcin_Krupnik\AppData\Local\Microsoft\WindowsApps;;.]
2019-03-06 14:45:52,067 INFO  [main] [/]: Initializing Spring embedded WebApplicationContext
2019-03-06 14:45:52,067 INFO  [main] ContextLoader: Root WebApplicationContext: initialization completed in 1382 ms
2019-03-06 14:45:52,236 WARN  [main] User: User.withDefaultPasswordEncoder() is considered unsafe for production and is only intended for sample applications.
2019-03-06 14:45:52,336 WARN  [main] User: User.withDefaultPasswordEncoder() is considered unsafe for production and is only intended for sample applications.
2019-03-06 14:45:52,420 WARN  [main] User: User.withDefaultPasswordEncoder() is considered unsafe for production and is only intended for sample applications.
2019-03-06 14:45:52,493 WARN  [main] User: User.withDefaultPasswordEncoder() is considered unsafe for production and is only intended for sample applications.
2019-03-06 14:45:52,624 INFO  [main] DefaultSecurityFilterChain: Creating filter chain: any request, [org.springframework.security.web.context.request.async.WebAsyncManagerIntegrationFilter@138aa3cc, org.springframework.security.web.context.SecurityContextPersistenceFilter@3c854752, org.springframework.security.web.header.HeaderWriterFilter@470d183, org.springframework.security.web.csrf.CsrfFilter@4d1ff6b1, org.springframework.security.web.authentication.logout.LogoutFilter@44d64d4e, org.springframework.security.web.authentication.UsernamePasswordAuthenticationFilter@67531e3a, org.springframework.security.web.savedrequest.RequestCacheAwareFilter@1a500561, org.springframework.security.web.servletapi.SecurityContextHolderAwareRequestFilter@795f8317, org.springframework.security.web.authentication.AnonymousAuthenticationFilter@10a98392, org.springframework.security.web.session.SessionManagementFilter@ea52184, org.springframework.security.web.access.ExceptionTranslationFilter@75e09567, org.springframework.security.web.access.intercept.FilterSecurityInterceptor@5dc0ff7d]
2019-03-06 14:45:52,752 INFO  [main] ThreadPoolTaskExecutor: Initializing ExecutorService 'applicationTaskExecutor'
2019-03-06 14:45:52,999 INFO  [main] Http11NioProtocol: Starting ProtocolHandler ["http-nio-8080"]
2019-03-06 14:45:53,031 INFO  [main] TomcatWebServer: Tomcat started on port(s): 8080 (http) with context path ''
2019-03-06 14:45:53,031 INFO  [main] SpringtrainingApplication: Started SpringtrainingApplication in 3.255 seconds (JVM running for 3.669)
2019-03-06 14:45:54,604 INFO  [http-nio-8080-exec-1] [/]: Initializing Spring DispatcherServlet 'dispatcherServlet'
2019-03-06 14:45:54,604 INFO  [http-nio-8080-exec-1] DispatcherServlet: Initializing Servlet 'dispatcherServlet'
2019-03-06 14:45:54,604 INFO  [http-nio-8080-exec-1] DispatcherServlet: Completed initialization in 0 ms
2019-03-06 14:56:41,536 INFO  [main] SpringtrainingApplicationTests: Starting SpringtrainingApplicationTests on EPPLKRAW0551 with PID 14040 (started by Marcin_Krupnik in C:\Users\Marcin_Krupnik\IdeaProjects\spring-training)
2019-03-06 14:56:41,536 INFO  [main] SpringtrainingApplicationTests: No active profile set, falling back to default profiles: default
2019-03-06 14:56:42,661 WARN  [main] User: User.withDefaultPasswordEncoder() is considered unsafe for production and is only intended for sample applications.
2019-03-06 14:56:42,862 WARN  [main] User: User.withDefaultPasswordEncoder() is considered unsafe for production and is only intended for sample applications.
2019-03-06 14:56:42,924 WARN  [main] User: User.withDefaultPasswordEncoder() is considered unsafe for production and is only intended for sample applications.
2019-03-06 14:56:42,993 WARN  [main] User: User.withDefaultPasswordEncoder() is considered unsafe for production and is only intended for sample applications.
2019-03-06 14:56:43,240 INFO  [main] DefaultSecurityFilterChain: Creating filter chain: any request, [org.springframework.security.web.context.request.async.WebAsyncManagerIntegrationFilter@fe7b6b0, org.springframework.security.web.context.SecurityContextPersistenceFilter@6920b0bc, org.springframework.security.web.header.HeaderWriterFilter@348ad293, org.springframework.security.web.csrf.CsrfFilter@2c8c16c0, org.springframework.security.web.authentication.logout.LogoutFilter@32177fa5, org.springframework.security.web.authentication.UsernamePasswordAuthenticationFilter@c269425, org.springframework.security.web.savedrequest.RequestCacheAwareFilter@1f1ff879, org.springframework.security.web.servletapi.SecurityContextHolderAwareRequestFilter@9679750, org.springframework.security.web.authentication.AnonymousAuthenticationFilter@7ab4ae59, org.springframework.security.web.session.SessionManagementFilter@2c88a3e8, org.springframework.security.web.access.ExceptionTranslationFilter@f4a3a8d, org.springframework.security.web.access.intercept.FilterSecurityInterceptor@3d64c581]
2019-03-06 14:56:43,695 INFO  [main] ThreadPoolTaskExecutor: Initializing ExecutorService 'applicationTaskExecutor'
2019-03-06 14:56:44,065 INFO  [main] SpringtrainingApplicationTests: Started SpringtrainingApplicationTests in 2.924 seconds (JVM running for 3.644)
2019-03-06 14:56:44,450 INFO  [Thread-1] ThreadPoolTaskExecutor: Shutting down ExecutorService 'applicationTaskExecutor'
