2019-03-06 14:26:26,1362019-03-06 14:26:26,1362019-03-06 14:26:27,5012019-03-06 14:26:27,5212019-03-06 14:26:27,5212019-03-06 14:26:27,5372019-03-06 14:26:27,5372019-03-06 14:26:27,6532019-03-06 14:26:27,6532019-03-06 14:26:27,8392019-03-06 14:26:28,0002019-03-06 14:26:28,1382019-03-06 14:26:28,3542019-03-06 14:26:28,3702019-03-06 14:26:28,3852019-03-06 14:26:32,4672019-03-06 14:26:32,4672019-03-06 14:26:32,4822019-03-06 14:26:32,5142019-03-06 14:26:32,5142019-03-06 14:26:32,5142019-03-06 14:27:26,277 INFO  [main] SpringtrainingApplication: Starting SpringtrainingApplication on EPPLKRAW0551 with PID 5672 (C:\Users\Marcin_Krupnik\IdeaProjects\spring-training\target\classes started by Marcin_Krupnik in C:\Users\Marcin_Krupnik\IdeaProjects\spring-training)
2019-03-06 14:27:26,277 INFO  [main] SpringtrainingApplication: No active profile set, falling back to default profiles: default
2019-03-06 14:27:27,596 INFO  [main] TomcatWebServer: Tomcat initialized with port(s): 8080 (http)
2019-03-06 14:27:27,618 INFO  [main] Http11NioProtocol: Initializing ProtocolHandler ["http-nio-8080"]
2019-03-06 14:27:27,618 INFO  [main] StandardService: Starting service [Tomcat]
2019-03-06 14:27:27,618 INFO  [main] StandardEngine: Starting Servlet engine: [Apache Tomcat/9.0.16]
2019-03-06 14:27:27,634 INFO  [main] AprLifecycleListener: The APR based Apache Tomcat Native library which allows optimal performance in production environments was not found on the java.library.path: [C:\Program Files\Java\jdk-11.0.2\bin;C:\WINDOWS\Sun\Java\bin;C:\WINDOWS\system32;C:\WINDOWS;C:\WINDOWS\system32;C:\WINDOWS;C:\WINDOWS\System32\Wbem;C:\WINDOWS\System32\WindowsPowerShell\v1.0\;C:\WINDOWS\System32\OpenSSH\;C:\Program Files\TortoiseSVN\bin;C:\Program Files\Java\jdk-11.0.2\bin;C:\Program Files\apache-maven-3.6.0\bin;C:\Program Files\Git\cmd;C:\Program Files\Git\mingw64\bin;C:\Program Files\Git\usr\bin;C:\Program FIles\Gradle\gradle-5.2.1\bin;C:\Users\Marcin_Krupnik\AppData\Local\Microsoft\WindowsApps;;.]
2019-03-06 14:27:27,734 INFO  [main] [/]: Initializing Spring embedded WebApplicationContext
2019-03-06 14:27:27,734 INFO  [main] ContextLoader: Root WebApplicationContext: initialization completed in 1404 ms
2019-03-06 14:27:27,914 WARN  [main] User: User.withDefaultPasswordEncoder() is considered unsafe for production and is only intended for sample applications.
2019-03-06 14:27:28,050 INFO  [main] DefaultSecurityFilterChain: Creating filter chain: any request, [org.springframework.security.web.context.request.async.WebAsyncManagerIntegrationFilter@167381c7, org.springframework.security.web.context.SecurityContextPersistenceFilter@60d6fdd4, org.springframework.security.web.header.HeaderWriterFilter@1dd74143, org.springframework.security.web.csrf.CsrfFilter@30b975ad, org.springframework.security.web.authentication.logout.LogoutFilter@51a18b21, org.springframework.security.web.authentication.UsernamePasswordAuthenticationFilter@5afbd567, org.springframework.security.web.savedrequest.RequestCacheAwareFilter@60a19573, org.springframework.security.web.servletapi.SecurityContextHolderAwareRequestFilter@18137eab, org.springframework.security.web.authentication.AnonymousAuthenticationFilter@608b1fd2, org.springframework.security.web.session.SessionManagementFilter@3166f664, org.springframework.security.web.access.ExceptionTranslationFilter@157ec23b, org.springframework.security.web.access.intercept.FilterSecurityInterceptor@7fb53256]
2019-03-06 14:27:28,166 INFO  [main] ThreadPoolTaskExecutor: Initializing ExecutorService 'applicationTaskExecutor'
2019-03-06 14:27:28,367 INFO  [main] Http11NioProtocol: Starting ProtocolHandler ["http-nio-8080"]
2019-03-06 14:27:28,382 INFO  [main] TomcatWebServer: Tomcat started on port(s): 8080 (http) with context path ''
2019-03-06 14:27:28,398 INFO  [main] SpringtrainingApplication: Started SpringtrainingApplication in 2.569 seconds (JVM running for 3.004)
2019-03-06 14:27:46,913 INFO  [http-nio-8080-exec-1] [/]: Initializing Spring DispatcherServlet 'dispatcherServlet'
2019-03-06 14:27:46,913 INFO  [http-nio-8080-exec-1] DispatcherServlet: Initializing Servlet 'dispatcherServlet'
2019-03-06 14:27:46,913 INFO  [http-nio-8080-exec-1] DispatcherServlet: Completed initialization in 0 ms
2019-03-06 14:27:46,944 INFO  [http-nio-8080-exec-1] LoggingController: An INFO Message
2019-03-06 14:27:46,944 WARN  [http-nio-8080-exec-1] LoggingController: A WARN Message
2019-03-06 14:27:46,944 ERROR [http-nio-8080-exec-1] LoggingController: An ERROR Message
